2019-10-28 19:44:09.338  INFO 14892 --- [restartedMain] com.yrmjhtdjxh.punch.PunchApplication    : Starting PunchApplication on etron with PID 14892 (F:\ideaTest\ThePunchSystem\target\classes started by etron in F:\ideaTest\ThePunchSystem)
2019-10-28 19:44:09.342 DEBUG 14892 --- [restartedMain] com.yrmjhtdjxh.punch.PunchApplication    : Running with Spring Boot v2.1.9.RELEASE, Spring v5.1.10.RELEASE
2019-10-28 19:44:09.343  INFO 14892 --- [restartedMain] com.yrmjhtdjxh.punch.PunchApplication    : No active profile set, falling back to default profiles: default
2019-10-28 19:44:09.472  INFO 14892 --- [restartedMain] .e.DevToolsPropertyDefaultsPostProcessor : Devtools property defaults active! Set 'spring.devtools.add-properties' to 'false' to disable
2019-10-28 19:44:09.473  INFO 14892 --- [restartedMain] .e.DevToolsPropertyDefaultsPostProcessor : For additional web related logging consider setting the 'logging.level.web' property to 'DEBUG'
2019-10-28 19:44:10.392  INFO 14892 --- [restartedMain] .s.d.r.c.RepositoryConfigurationDelegate : Bootstrapping Spring Data repositories in DEFAULT mode.
2019-10-28 19:44:10.420  INFO 14892 --- [restartedMain] .s.d.r.c.RepositoryConfigurationDelegate : Finished Spring Data repository scanning in 19ms. Found 0 repository interfaces.
2019-10-28 19:44:10.849  INFO 14892 --- [restartedMain] trationDelegate$BeanPostProcessorChecker : Bean 'org.springframework.transaction.annotation.ProxyTransactionManagementConfiguration' of type [org.springframework.transaction.annotation.ProxyTransactionManagementConfiguration$$EnhancerBySpringCGLIB$$162717b2] is not eligible for getting processed by all BeanPostProcessors (for example: not eligible for auto-proxying)
2019-10-28 19:44:11.308  INFO 14892 --- [restartedMain] o.s.b.w.embedded.tomcat.TomcatWebServer  : Tomcat initialized with port(s): 8083 (http)
2019-10-28 19:44:11.332  INFO 14892 --- [restartedMain] o.apache.catalina.core.StandardService   : Starting service [Tomcat]
2019-10-28 19:44:11.332  INFO 14892 --- [restartedMain] org.apache.catalina.core.StandardEngine  : Starting Servlet engine: [Apache Tomcat/9.0.26]
2019-10-28 19:44:11.424  INFO 14892 --- [restartedMain] o.a.c.c.C.[Tomcat].[localhost].[/]       : Initializing Spring embedded WebApplicationContext
2019-10-28 19:44:11.424  INFO 14892 --- [restartedMain] o.s.web.context.ContextLoader            : Root WebApplicationContext: initialization completed in 1950 ms
2019-10-28 19:44:12.681  INFO 14892 --- [restartedMain] o.s.s.concurrent.ThreadPoolTaskExecutor  : Initializing ExecutorService 'applicationTaskExecutor'
2019-10-28 19:44:13.246  INFO 14892 --- [restartedMain] o.s.b.d.a.OptionalLiveReloadServer       : LiveReload server is running on port 35729
2019-10-28 19:44:13.338  INFO 14892 --- [restartedMain] o.s.b.w.embedded.tomcat.TomcatWebServer  : Tomcat started on port(s): 8083 (http) with context path ''
2019-10-28 19:44:13.342  INFO 14892 --- [restartedMain] com.yrmjhtdjxh.punch.PunchApplication    : Started PunchApplication in 4.973 seconds (JVM running for 7.59)
2019-10-28 19:45:54.408  INFO 1692 --- [main] c.y.punch.PunchApplicationTests          : Starting PunchApplicationTests on etron with PID 1692 (started by etron in F:\ideaTest\ThePunchSystem)
2019-10-28 19:45:54.409 DEBUG 1692 --- [main] c.y.punch.PunchApplicationTests          : Running with Spring Boot v2.1.9.RELEASE, Spring v5.1.10.RELEASE
2019-10-28 19:45:54.411  INFO 1692 --- [main] c.y.punch.PunchApplicationTests          : No active profile set, falling back to default profiles: default
2019-10-28 19:45:55.931  INFO 1692 --- [main] .s.d.r.c.RepositoryConfigurationDelegate : Bootstrapping Spring Data repositories in DEFAULT mode.
2019-10-28 19:45:55.973  INFO 1692 --- [main] .s.d.r.c.RepositoryConfigurationDelegate : Finished Spring Data repository scanning in 31ms. Found 0 repository interfaces.
2019-10-28 19:45:56.784  INFO 1692 --- [main] trationDelegate$BeanPostProcessorChecker : Bean 'org.springframework.transaction.annotation.ProxyTransactionManagementConfiguration' of type [org.springframework.transaction.annotation.ProxyTransactionManagementConfiguration$$EnhancerBySpringCGLIB$$bae609c9] is not eligible for getting processed by all BeanPostProcessors (for example: not eligible for auto-proxying)
2019-10-28 19:46:00.595  INFO 1692 --- [main] o.s.s.concurrent.ThreadPoolTaskExecutor  : Initializing ExecutorService 'applicationTaskExecutor'
2019-10-28 19:46:02.143  INFO 1692 --- [main] c.y.punch.PunchApplicationTests          : Started PunchApplicationTests in 8.423 seconds (JVM running for 9.592)
2019-10-28 19:46:02.972  INFO 1692 --- [Thread-3] o.s.s.concurrent.ThreadPoolTaskExecutor  : Shutting down ExecutorService 'applicationTaskExecutor'
2019-10-28 19:46:02.987  INFO 1692 --- [Thread-3] com.alibaba.druid.pool.DruidDataSource   : {dataSource-0} closing ...
2019-10-28 19:55:13.700  INFO 11672 --- [main] c.y.punch.PunchApplicationTests          : Starting PunchApplicationTests on etron with PID 11672 (started by etron in F:\ideaTest\ThePunchSystem)
2019-10-28 19:55:13.703 DEBUG 11672 --- [main] c.y.punch.PunchApplicationTests          : Running with Spring Boot v2.1.9.RELEASE, Spring v5.1.10.RELEASE
2019-10-28 19:55:13.704  INFO 11672 --- [main] c.y.punch.PunchApplicationTests          : No active profile set, falling back to default profiles: default
2019-10-28 19:55:14.987  INFO 11672 --- [main] .s.d.r.c.RepositoryConfigurationDelegate : Bootstrapping Spring Data repositories in DEFAULT mode.
2019-10-28 19:55:15.025  INFO 11672 --- [main] .s.d.r.c.RepositoryConfigurationDelegate : Finished Spring Data repository scanning in 22ms. Found 0 repository interfaces.
2019-10-28 19:55:15.769  INFO 11672 --- [main] trationDelegate$BeanPostProcessorChecker : Bean 'org.springframework.transaction.annotation.ProxyTransactionManagementConfiguration' of type [org.springframework.transaction.annotation.ProxyTransactionManagementConfiguration$$EnhancerBySpringCGLIB$$27712977] is not eligible for getting processed by all BeanPostProcessors (for example: not eligible for auto-proxying)
2019-10-28 19:55:19.914  INFO 11672 --- [main] o.s.s.concurrent.ThreadPoolTaskExecutor  : Initializing ExecutorService 'applicationTaskExecutor'
2019-10-28 19:55:21.193  INFO 11672 --- [main] c.y.punch.PunchApplicationTests          : Started PunchApplicationTests in 8.505 seconds (JVM running for 10.11)
2019-10-28 19:55:21.807  INFO 11672 --- [Thread-3] o.s.s.concurrent.ThreadPoolTaskExecutor  : Shutting down ExecutorService 'applicationTaskExecutor'
2019-10-28 19:55:21.819  INFO 11672 --- [Thread-3] com.alibaba.druid.pool.DruidDataSource   : {dataSource-0} closing ...
2019-11-04 09:58:19.828  INFO 12704 --- [restartedMain] com.yrmjhtdjxh.punch.PunchApplication    : Starting PunchApplication on DESKTOP-RFQAJO8 with PID 12704 (E:\IdeaProjects\ThePunchSystem\target\classes started by dengg in E:\IdeaProjects\ThePunchSystem)
2019-11-04 09:58:19.828 DEBUG 12704 --- [restartedMain] com.yrmjhtdjxh.punch.PunchApplication    : Running with Spring Boot v2.1.9.RELEASE, Spring v5.1.10.RELEASE
2019-11-04 09:58:19.828  INFO 12704 --- [restartedMain] com.yrmjhtdjxh.punch.PunchApplication    : No active profile set, falling back to default profiles: default
2019-11-04 09:58:19.938  INFO 12704 --- [restartedMain] .e.DevToolsPropertyDefaultsPostProcessor : Devtools property defaults active! Set 'spring.devtools.add-properties' to 'false' to disable
2019-11-04 09:58:19.938  INFO 12704 --- [restartedMain] .e.DevToolsPropertyDefaultsPostProcessor : For additional web related logging consider setting the 'logging.level.web' property to 'DEBUG'
2019-11-04 09:58:20.478  INFO 12704 --- [restartedMain] .s.d.r.c.RepositoryConfigurationDelegate : Bootstrapping Spring Data repositories in DEFAULT mode.
2019-11-04 09:58:20.498  INFO 12704 --- [restartedMain] .s.d.r.c.RepositoryConfigurationDelegate : Finished Spring Data repository scanning in 20ms. Found 0 repository interfaces.
2019-11-04 09:58:20.788  INFO 12704 --- [restartedMain] trationDelegate$BeanPostProcessorChecker : Bean 'org.springframework.transaction.annotation.ProxyTransactionManagementConfiguration' of type [org.springframework.transaction.annotation.ProxyTransactionManagementConfiguration$$EnhancerBySpringCGLIB$$5b1d6441] is not eligible for getting processed by all BeanPostProcessors (for example: not eligible for auto-proxying)
2019-11-04 09:58:21.288  INFO 12704 --- [restartedMain] o.s.b.w.embedded.tomcat.TomcatWebServer  : Tomcat initialized with port(s): 8083 (http)
2019-11-04 09:58:21.308  INFO 12704 --- [restartedMain] o.apache.catalina.core.StandardService   : Starting service [Tomcat]
2019-11-04 09:58:21.308  INFO 12704 --- [restartedMain] org.apache.catalina.core.StandardEngine  : Starting Servlet engine: [Apache Tomcat/9.0.26]
2019-11-04 09:58:21.398  INFO 12704 --- [restartedMain] o.a.c.c.C.[Tomcat].[localhost].[/]       : Initializing Spring embedded WebApplicationContext
2019-11-04 09:58:21.398  INFO 12704 --- [restartedMain] o.s.web.context.ContextLoader            : Root WebApplicationContext: initialization completed in 1460 ms
2019-11-04 09:58:22.208  INFO 12704 --- [restartedMain] o.s.s.concurrent.ThreadPoolTaskExecutor  : Initializing ExecutorService 'applicationTaskExecutor'
2019-11-04 09:58:22.558  INFO 12704 --- [restartedMain] o.s.b.d.a.OptionalLiveReloadServer       : LiveReload server is running on port 35729
2019-11-04 09:58:22.598 ERROR 12704 --- [restartedMain] org.apache.catalina.util.LifecycleBase   : Failed to start component [Connector[HTTP/1.1-8083]]

org.apache.catalina.LifecycleException: Protocol handler start failed
	at org.apache.catalina.connector.Connector.startInternal(Connector.java:1008)
	at org.apache.catalina.util.LifecycleBase.start(LifecycleBase.java:183)
	at org.apache.catalina.core.StandardService.addConnector(StandardService.java:227)
	at org.springframework.boot.web.embedded.tomcat.TomcatWebServer.addPreviouslyRemovedConnectors(TomcatWebServer.java:263)
	at org.springframework.boot.web.embedded.tomcat.TomcatWebServer.start(TomcatWebServer.java:195)
	at org.springframework.boot.web.servlet.context.ServletWebServerApplicationContext.startWebServer(ServletWebServerApplicationContext.java:297)
	at org.springframework.boot.web.servlet.context.ServletWebServerApplicationContext.finishRefresh(ServletWebServerApplicationContext.java:163)
	at org.springframework.context.support.AbstractApplicationContext.refresh(AbstractApplicationContext.java:552)
	at org.springframework.boot.web.servlet.context.ServletWebServerApplicationContext.refresh(ServletWebServerApplicationContext.java:141)
	at org.springframework.boot.SpringApplication.refresh(SpringApplication.java:744)
	at org.springframework.boot.SpringApplication.refreshContext(SpringApplication.java:391)
	at org.springframework.boot.SpringApplication.run(SpringApplication.java:312)
	at org.springframework.boot.SpringApplication.run(SpringApplication.java:1215)
	at org.springframework.boot.SpringApplication.run(SpringApplication.java:1204)
	at com.yrmjhtdjxh.punch.PunchApplication.main(PunchApplication.java:13)
	at sun.reflect.NativeMethodAccessorImpl.invoke0(Native Method)
	at sun.reflect.NativeMethodAccessorImpl.invoke(NativeMethodAccessorImpl.java:62)
	at sun.reflect.DelegatingMethodAccessorImpl.invoke(DelegatingMethodAccessorImpl.java:43)
	at java.lang.reflect.Method.invoke(Method.java:498)
	at org.springframework.boot.devtools.restart.RestartLauncher.run(RestartLauncher.java:49)
Caused by: java.net.BindException: Address already in use: bind
	at sun.nio.ch.Net.bind0(Native Method)
	at sun.nio.ch.Net.bind(Net.java:433)
	at sun.nio.ch.Net.bind(Net.java:425)
	at sun.nio.ch.ServerSocketChannelImpl.bind(ServerSocketChannelImpl.java:223)
	at sun.nio.ch.ServerSocketAdaptor.bind(ServerSocketAdaptor.java:74)
	at org.apache.tomcat.util.net.NioEndpoint.initServerSocket(NioEndpoint.java:230)
	at org.apache.tomcat.util.net.NioEndpoint.bind(NioEndpoint.java:213)
	at org.apache.tomcat.util.net.AbstractEndpoint.bindWithCleanup(AbstractEndpoint.java:1124)
	at org.apache.tomcat.util.net.AbstractEndpoint.start(AbstractEndpoint.java:1210)
	at org.apache.coyote.AbstractProtocol.start(AbstractProtocol.java:585)
	at org.apache.catalina.connector.Connector.startInternal(Connector.java:1005)
	... 19 common frames omitted

2019-11-04 09:58:22.598  INFO 12704 --- [restartedMain] o.apache.catalina.core.StandardService   : Stopping service [Tomcat]
2019-11-04 09:58:22.618  INFO 12704 --- [restartedMain] ConditionEvaluationReportLoggingListener : 

Error starting ApplicationContext. To display the conditions report re-run your application with 'debug' enabled.
2019-11-04 09:58:22.618 ERROR 12704 --- [restartedMain] o.s.b.d.LoggingFailureAnalysisReporter   : 

***************************
APPLICATION FAILED TO START
***************************

Description:

The Tomcat connector configured to listen on port 8083 failed to start. The port may already be in use or the connector may be misconfigured.

Action:

Verify the connector's configuration, identify and stop any process that's listening on port 8083, or configure this application to listen on another port.

2019-11-04 09:58:22.618  INFO 12704 --- [restartedMain] o.s.s.concurrent.ThreadPoolTaskExecutor  : Shutting down ExecutorService 'applicationTaskExecutor'
2019-11-04 09:58:22.618  INFO 12704 --- [restartedMain] com.alibaba.druid.pool.DruidDataSource   : {dataSource-0} closing ...
